{"/home/carlos/Dev/projects/tripadvisor/tripadvisor/components/screens/MyAccount/MyAccount.tsx": {"path":"/home/carlos/Dev/projects/tripadvisor/tripadvisor/components/screens/MyAccount/MyAccount.tsx","statementMap":{"0":{"start":{"line":4,"column":18},"end":{"line":10,"column":1}},"1":{"start":{"line":5,"column":2},"end":{"line":9,"column":4}}},"fnMap":{"0":{"name":"(anonymous_0)","decl":{"start":{"line":4,"column":18},"end":{"line":4,"column":19}},"loc":{"start":{"line":4,"column":24},"end":{"line":10,"column":1}},"line":4}},"branchMap":{},"s":{"0":1,"1":1},"f":{"0":1},"b":{},"_coverageSchema":"1a1c01bbd47fc00a2c39e90264f33305004495a9","hash":"7a3155c41e2117825ce1433fa0aa7592056a6e75"}
,"/home/carlos/Dev/projects/tripadvisor/tripadvisor/components/screens/Restaurants/Restaurants.tsx": {"path":"/home/carlos/Dev/projects/tripadvisor/tripadvisor/components/screens/Restaurants/Restaurants.tsx","statementMap":{"0":{"start":{"line":4,"column":20},"end":{"line":10,"column":1}},"1":{"start":{"line":5,"column":2},"end":{"line":9,"column":4}}},"fnMap":{"0":{"name":"(anonymous_0)","decl":{"start":{"line":4,"column":20},"end":{"line":4,"column":21}},"loc":{"start":{"line":4,"column":26},"end":{"line":10,"column":1}},"line":4}},"branchMap":{},"s":{"0":1,"1":1},"f":{"0":1},"b":{},"_coverageSchema":"1a1c01bbd47fc00a2c39e90264f33305004495a9","hash":"f517dce26a47a96dc192a90b5d63827c80c9c8ec"}
,"/home/carlos/Dev/projects/tripadvisor/tripadvisor/components/screens/Search/Search.tsx": {"path":"/home/carlos/Dev/projects/tripadvisor/tripadvisor/components/screens/Search/Search.tsx","statementMap":{"0":{"start":{"line":4,"column":15},"end":{"line":10,"column":1}},"1":{"start":{"line":5,"column":2},"end":{"line":9,"column":4}}},"fnMap":{"0":{"name":"(anonymous_0)","decl":{"start":{"line":4,"column":15},"end":{"line":4,"column":16}},"loc":{"start":{"line":4,"column":21},"end":{"line":10,"column":1}},"line":4}},"branchMap":{},"s":{"0":1,"1":1},"f":{"0":1},"b":{},"_coverageSchema":"1a1c01bbd47fc00a2c39e90264f33305004495a9","hash":"9cbcadded4422356980e9302267679c643e0fcb7"}
,"/home/carlos/Dev/projects/tripadvisor/tripadvisor/components/screens/TopRestaurants/TopRestaurants.tsx": {"path":"/home/carlos/Dev/projects/tripadvisor/tripadvisor/components/screens/TopRestaurants/TopRestaurants.tsx","statementMap":{"0":{"start":{"line":4,"column":23},"end":{"line":10,"column":1}},"1":{"start":{"line":5,"column":2},"end":{"line":9,"column":4}}},"fnMap":{"0":{"name":"(anonymous_0)","decl":{"start":{"line":4,"column":23},"end":{"line":4,"column":24}},"loc":{"start":{"line":4,"column":29},"end":{"line":10,"column":1}},"line":4}},"branchMap":{},"s":{"0":1,"1":1},"f":{"0":1},"b":{},"_coverageSchema":"1a1c01bbd47fc00a2c39e90264f33305004495a9","hash":"14dec26c0e261e2705f6739d546e86737a57f346"}
}
